[22Jul2023 01:51:02.278] [Netty Epoll Server IO #5/ERROR] [net.minecraftforge.network.NetworkRegistry/NETREGISTRY]: Channels [forge:tier_sorting,twilightforest:channel,ava:main] rejected vanilla connections
[22Jul2023 01:51:02.280] [Netty Epoll Server IO #5/INFO] [net.minecraftforge.server.ServerLifecycleHooks/SERVERHOOKS]: Disconnecting VANILLA connection attempt: This server has mods that require Forge to be installed on the client. Contact your server admin for more details.
[22Jul2023 05:10:27.170] [Netty Epoll Server IO #2/ERROR] [net.minecraftforge.network.NetworkRegistry/NETREGISTRY]: Channels [forge:tier_sorting,twilightforest:channel,ava:main] rejected vanilla connections
[22Jul2023 05:10:27.170] [Netty Epoll Server IO #2/INFO] [net.minecraftforge.server.ServerLifecycleHooks/SERVERHOOKS]: Disconnecting VANILLA connection attempt: This server has mods that require Forge to be installed on the client. Contact your server admin for more details.
[22Jul2023 09:59:24.299] [User Authenticator #63/INFO] [net.minecraft.server.network.ServerLoginPacketListenerImpl/]: UUID of player PerdigonGamer is 522971c5-c7e3-459c-b44d-416ca663f79b
[22Jul2023 09:59:29.408] [Server thread/INFO] [net.minecraft.server.players.PlayerList/]: PerdigonGamer[/90.173.157.18:50363] logged in with entity id 620350 at (282.178755053549, 74.0, -280.6376789583004)
[22Jul2023 09:59:29.411] [Server thread/INFO] [net.minecraft.server.MinecraftServer/]: PerdigonGamer joined the game
[22Jul2023 10:42:02.343] [Server thread/INFO] [net.minecraft.server.MinecraftServer/]: PerdigonGamer has made the advancement [We Need to Go Deeper]
[22Jul2023 10:42:14.229] [Server thread/INFO] [net.minecraft.server.MinecraftServer/]: PerdigonGamer has made the advancement [A Terrible Fortress]
[22Jul2023 10:45:08.713] [Server thread/INFO] [net.minecraft.server.MinecraftServer/]: PerdigonGamer has made the advancement [Into Fire]
[22Jul2023 10:53:08.299] [Netty Epoll Server IO #6/ERROR] [net.minecraftforge.network.NetworkRegistry/NETREGISTRY]: Channels [forge:tier_sorting,twilightforest:channel,ava:main] rejected vanilla connections
[22Jul2023 10:53:08.299] [Netty Epoll Server IO #6/INFO] [net.minecraftforge.server.ServerLifecycleHooks/SERVERHOOKS]: Disconnecting VANILLA connection attempt: This server has mods that require Forge to be installed on the client. Contact your server admin for more details.
[22Jul2023 11:00:30.088] [Server thread/INFO] [net.minecraft.server.MinecraftServer/]: PerdigonGamer has made the advancement [Local Brewery]
[22Jul2023 11:12:14.132] [Server thread/INFO] [net.minecraft.server.MinecraftServer/]: PerdigonGamer has reached the goal [Trophied Champion]
[22Jul2023 11:20:28.608] [Server thread/INFO] [net.minecraft.server.MinecraftServer/]: PerdigonGamer has reached the goal [Carminite Acclimation]
[22Jul2023 11:53:43.024] [Server thread/INFO] [net.minecraft.server.network.ServerGamePacketListenerImpl/]: PerdigonGamer lost connection: Disconnected
[22Jul2023 11:53:43.024] [Server thread/INFO] [net.minecraft.server.MinecraftServer/]: PerdigonGamer left the game
[22Jul2023 17:53:42.219] [User Authenticator #64/INFO] [net.minecraft.server.network.ServerLoginPacketListenerImpl/]: UUID of player PerdigonGamer is 522971c5-c7e3-459c-b44d-416ca663f79b
[22Jul2023 17:53:47.309] [Server thread/INFO] [net.minecraft.server.players.PlayerList/]: PerdigonGamer[/90.173.157.18:58755] logged in with entity id 681095 at (284.4560770989507, 75.0, -280.90989641325655)
[22Jul2023 17:53:47.313] [Server thread/INFO] [net.minecraft.server.MinecraftServer/]: PerdigonGamer joined the game
[22Jul2023 17:55:38.082] [Server thread/INFO] [net.minecraft.server.MinecraftServer/]: <PerdigonGamer> sisisiisisis
[22Jul2023 17:59:36.165] [Server thread/WARN] [net.minecraft.server.MinecraftServer/]: Can't keep up! Is the server overloaded? Running 2364ms or 47 ticks behind
[22Jul2023 18:32:42.572] [Server thread/WARN] [net.minecraft.server.level.ServerPlayerGameMode/]: Mismatch in destroy block pos: BlockPos{x=2344, y=196, z=-1534} BlockPos{x=2345, y=197, z=-1519}
[22Jul2023 18:32:42.622] [Server thread/WARN] [net.minecraft.server.level.ServerPlayerGameMode/]: Mismatch in destroy block pos: BlockPos{x=2344, y=196, z=-1534} BlockPos{x=2345, y=197, z=-1519}
[22Jul2023 18:32:49.662] [Server thread/INFO] [net.minecraft.server.MinecraftServer/]: PerdigonGamer has made the advancement [Something Strange in Towerwood]
[22Jul2023 18:34:52.657] [Server thread/INFO] [net.minecraft.server.MinecraftServer/]: PerdigonGamer was scalded by fiery tears
[22Jul2023 18:35:07.869] [Server thread/INFO] [net.minecraft.server.network.ServerGamePacketListenerImpl/]: PerdigonGamer lost connection: Disconnected
[22Jul2023 18:35:07.869] [Server thread/INFO] [net.minecraft.server.MinecraftServer/]: PerdigonGamer left the game
[22Jul2023 19:33:48.352] [Netty Epoll Server IO #4/ERROR] [net.minecraftforge.network.NetworkRegistry/NETREGISTRY]: Channels [forge:tier_sorting,twilightforest:channel,ava:main] rejected vanilla connections
[22Jul2023 19:33:48.352] [Netty Epoll Server IO #4/INFO] [net.minecraftforge.server.ServerLifecycleHooks/SERVERHOOKS]: Disconnecting VANILLA connection attempt: This server has mods that require Forge to be installed on the client. Contact your server admin for more details.
[22Jul2023 20:33:14.785] [Netty Epoll Server IO #2/ERROR] [net.minecraftforge.network.NetworkRegistry/NETREGISTRY]: Channels [forge:tier_sorting,twilightforest:channel,ava:main] rejected vanilla connections
[22Jul2023 20:33:14.785] [Netty Epoll Server IO #2/INFO] [net.minecraftforge.server.ServerLifecycleHooks/SERVERHOOKS]: Disconnecting VANILLA connection attempt: This server has mods that require Forge to be installed on the client. Contact your server admin for more details.
[22Jul2023 23:44:07.519] [Netty Epoll Server IO #0/ERROR] [net.minecraftforge.network.NetworkRegistry/NETREGISTRY]: Channels [forge:tier_sorting,twilightforest:channel,ava:main] rejected vanilla connections
[22Jul2023 23:44:07.519] [Netty Epoll Server IO #0/INFO] [net.minecraftforge.server.ServerLifecycleHooks/SERVERHOOKS]: Disconnecting VANILLA connection attempt: This server has mods that require Forge to be installed on the client. Contact your server admin for more details.
